<?xml version="1.1" encoding="UTF-8"?>
<testsuite name="org.gradle.tests8.Test1" tests="1" failures="0" errors="0" timestamp="2014-06-03T21:57:28" hostname="localhost" time="0.006">
  <properties/>
  <testcase name="myTest" classname="org.gradle.tests8.Test1" time="0.006"/>
  <system-out><![CDATA[]]></system-out>
  <system-err><![CDATA[]]></system-err>
</testsuite>
